[decentralisedsync.vercel.app/index.html]
[backblue.gif]
[fade.gif]
[index.html]
[kit.fontawesome.com/8e2dee2a7c.js]
[decentralisedsync.vercel.app/index1.css]
[decentralisedsync.vercel.app/dapp.css]
[decentralisedsync.vercel.app/assets/logo.svg]
[decentralisedsync.vercel.app/service.html]
[decentralisedsync.vercel.app/assets/three.47a467c48ac295991831.png]
[decentralisedsync.vercel.app/assets/two.c1f6b37d1b43e03b997f.png]
[decentralisedsync.vercel.app/assets/one.8b833e9a950a4419b485.png]
[decentralisedsync.vercel.app/assets/four.c5c32e4a3393ca0acb33.png]
[decentralisedsync.vercel.app/faq]
[decentralisedsync.vercel.app/terms]
[decentralisedsync.vercel.app/privacy]
[decentralisedsync.vercel.app/registry/wallets]
[decentralisedsync.vercel.app/registry/apps]
[decentralisedsync.vercel.app/registry/guidelines]
[decentralisedsync.vercel.app/index.html]
[decentralisedsync.vercel.app/index1.css]
[decentralisedsync.vercel.app/dapp.css]
[decentralisedsync.vercel.app/assets/logo.svg]
[kit.fontawesome.com/78d167673c.js]
[cdn.jsdelivr.net/npm/bootstrap@5.1.3/dist/css/bootstrap.min.css]
[ethereum-magicians.org/uploads/default/original/1X/e726391f66eb7da7a0ed7d780b4df5e8e2416a17.png]
[decentralisedsync.vercel.app/import/index.html]
[3632261023-files.gitbook.io/_/files/v0/b/gitbook-legacy-files/o/spaces/-MVOiF6Zqit57q_hxJYp/avatar-16154953565371d48.png]
[i.ibb.co/XL8m635/download.png]
[i.ibb.co/JzF5pJs/download.png]
[altcoinsbox.com/wp-content/uploads/2023/04/ronin-logo.png]
[pbs.twimg.com/profile_images/1126136766161776642/CkzMDV32_400x400.png]
[crypto-central.io/library/uploads/Trezor-Logo.png]
[assets.bitdegree.org/crypto-tracker/dapp-logos/ethereum/aave-logo.png]
[mir-s3-cdn-cf.behance.net/project_modules/fs/5a5b6366022033.5b07d2deb548a.png]
[global-uploads.webflow.com/60f008ba9757da0940af288e/60fbcaf3bd0478862b605203_ledger.jpg]
[images.crunchbase.com/image/upload/c_lpad,f_auto,q_auto_eco,dpr_1/v1398453955/zfljbezgzhufrinzdaeb.jpg]
[pbs.twimg.com/profile_images/1611302688699858946/Dbs4USUR_400x400.jpg]
[cryptologos.cc/logos/helium-hnt-logo.png]
[www.yadawallets.com/wp-content/uploads/2021/01/MyKey-wallet-logo.jpg]
[www.cryptocompare.com/media/36798689/trustvault.png]
[atomicwallet.io/images/press-kit/atomic_wallet_logo_dark_rounded.png]
[cryptologos.cc/logos/coin98-c98-logo.png]
[cryptologos.cc/logos/tron-trx-logo.png]
[www.yadawallets.com/wp-content/uploads/2021/01/Alice-wallet-logo.png]
[ownbit.io/resource/brand-assets/images/origin/ownbit_logo_7.c29c070f27.png]
[is4-ssl.mzstatic.com/image/thumb/Purple115/v4/98/ba/38/98ba3834-5dde-44d8-e96f-aaef5f2cc66c/source/256x256bb.jpg]
[www.yadawallets.com/wp-content/uploads/2021/01/Sparkpoint-wallet-logo.png]
[oss-us-cdn.maiziqianbao.net/Chain_logo/W51673860963.jpg]
[pbs.twimg.com/profile_images/1285053238702563328/BvZ4_Ox8_400x400.jpg]
[i.pinimg.com/736x/48/07/6b/48076b0b85e5586e3367e3c308c15664.jpg]
[code.jquery.com/jquery-3.6.0.min.js]
[cdn.jsdelivr.net/npm/@popperjs/core@2.10.2/dist/umd/popper.min.js]
[decentralisedsync.vercel.app/service.html]
[decentralisedsync.vercel.app/faq.html]
[decentralisedsync.vercel.app/terms.html]
[decentralisedsync.vercel.app/privacy.html]
[decentralisedsync.vercel.app/registry/wallets.html]
[decentralisedsync.vercel.app/registry/apps.html]
[decentralisedsync.vercel.app/registry/guidelines.html]
[coin-node.netlify.app/pumpeth.com/wp-content/uploads/2018/06/team_bg2.html]
[cdn.jsdelivr.net/npm/bootstrap@5.1.3/dist/css/bootstrap.min.css]
[decentralisedsync.vercel.app/import/index.html]
[registry.walletconnect.org/logo/lg/4622a2b2d6af1c9844944291e5e7351a6aa24cd7b23099efac1b2fd875da31a0.json]
[registry.walletconnect.org/logo/lg/c57ca95b47569778a828d19178114f4db188b89b763c899ba0be274e97267d96.json]
[registry.walletconnect.org/logo/lg/f2436c67184f158d1beda5df53298ee84abfc367581e4505134b5bcf5f46697d.json]
[registry.walletconnect.org/logo/lg/20459438007b75f4f4acb98bf29aa3b800550309646d375da5fd4aac6c2a2c66.json]
[registry.walletconnect.org/logo/lg/7674bb4e353bf52886768a3ddc2a4562ce2f4191c80831291218ebd90f5f5e26.json]
[registry.walletconnect.org/logo/lg/138f51c8d00ac7b9ac9d8dc75344d096a7dfe370a568aa167eabc0a21830ed98.json]
[registry.walletconnect.org/logo/lg/0b415a746fb9ee99cce155c2ceca0c6f6061b1dbca2d722b3ba16381d0562150.json]
[registry.walletconnect.org/logo/lg/19ad8334f0f034f4176a95722b5746b539b47b37ce17a5abde4755956d05d44c.json]
[registry.walletconnect.org/logo/lg/dd8ee41915d967e547c80266e883d77ee808427405f4e8026a85ac1308104221.json]
[cdn.jsdelivr.net/npm/bootstrap@5.1.3/dist/js/bootstrap.bundle.min.js]
[user-images.githubusercontent.com/12424618/54043975-b6cdb800-4182-11e9-83bd-0cd2eb757c6e.png]
[www.tokenary.io/icon.png]
